<?xml version="1.0" encoding="UTF-8"?>
<testsuite xmlns:xsi="http://www.w3.org/2001/XMLSchema-instance" xsi:noNamespaceSchemaLocation="https://maven.apache.org/surefire/maven-surefire-plugin/xsd/surefire-test-report-3.0.xsd" version="3.0" name="TestSuite" time="54.317" tests="2" errors="0" skipped="0" failures="0">
  <properties>
[...]
</properties>
  <testcase name="bookingfights" classname="Maven.MakeMyTrip" time="45.023">
    <system-out><![CDATA[The Search page is displayed as expected
]]></system-out>
    <system-err><![CDATA[SLF4J(W): No SLF4J providers were found.
SLF4J(W): Defaulting to no-operation (NOP) logger implementation
SLF4J(W): See https://www.slf4j.org/codes.html#noProviders for further details.
Sept 28, 2024 7:53:56 PM org.openqa.selenium.devtools.CdpVersionFinder findNearestMatch
WARNING: Unable to find an exact match for CDP version 129, returning the closest version; found: 125; Please update to a Selenium version that supports CDP version 129
]]></system-err>
  </testcase>
  <testcase name="Data" classname="Maven.ReadExcelData" time="0.805">
    <system-out><![CDATA[Emp NO   Emp Name   Emp Designation   Emp Salary   Emp Department   
1.0   Vineetha   Engineer   35000.0   Automation   
2.0   Keerthana   Associate Engineer   32000.0   Manual   
3.0   Lalitha   Sofware Engineer   45000.0   Manual   
4.0   Naveen   Lead   60000.0   Automation   
5.0   Manvika   Engineer   35000.0   Manual   
6.0   Swetha   Lead Software Engineer   70000.0   Automation   
7.0   Srinidhi   Associate Engineer   32000.0   Automation   
8.0   Vihaan   Associate Engineer   32000.0   Manual   
]]></system-out>
    <system-err><![CDATA[ERROR StatusLogger Log4j2 could not find a logging implementation. Please add log4j-core to the classpath. Using SimpleLogger to log to the console...
]]></system-err>
  </testcase>
</testsuite>