<?xml version="1.0" encoding="UTF-8"?>
<testng-results ignored="0" total="2" passed="2" failed="0" skipped="0">
  <reporter-output>
  </reporter-output>
  <suite started-at="2024-09-28T19:53:54 IST" name="Suite" finished-at="2024-09-28T19:54:48 IST" duration-ms="53985">
    <groups>
    </groups>
    <test started-at="2024-09-28T19:53:54 IST" name="Test" finished-at="2024-09-28T19:54:48 IST" duration-ms="53985">
      <class name="Maven.ReadExcelData">
        <test-method signature="Data()[pri:0, instance:Maven.ReadExcelData@4b5d6a01]" started-at="2024-09-28T19:54:47 IST" name="Data" finished-at="2024-09-28T19:54:48 IST" duration-ms="793" status="PASS">
          <reporter-output>
          </reporter-output>
        </test-method> <!-- Data -->
      </class> <!-- Maven.ReadExcelData -->
      <class name="Maven.MakeMyTrip">
        <test-method is-config="true" signature="myTrip()[pri:0, instance:Maven.MakeMyTrip@20d28811]" started-at="2024-09-28T19:53:54 IST" name="myTrip" finished-at="2024-09-28T19:54:02 IST" duration-ms="8120" status="PASS">
          <reporter-output>
          </reporter-output>
        </test-method> <!-- myTrip -->
        <test-method signature="bookingfights()[pri:0, instance:Maven.MakeMyTrip@20d28811]" started-at="2024-09-28T19:54:02 IST" name="bookingfights" finished-at="2024-09-28T19:54:47 IST" duration-ms="45021" status="PASS">
          <reporter-output>
          </reporter-output>
        </test-method> <!-- bookingfights -->
      </class> <!-- Maven.MakeMyTrip -->
    </test> <!-- Test -->
  </suite> <!-- Suite -->
</testng-results>
