<?xml version="1.0" encoding="UTF-8"?>
<testng-results ignored="0" total="1" passed="1" failed="0" skipped="0">
  <reporter-output>
  </reporter-output>
  <suite started-at="2024-09-28T19:16:49 IST" name="Suite" finished-at="2024-09-28T19:17:37 IST" duration-ms="48365">
    <groups>
    </groups>
    <test started-at="2024-09-28T19:16:49 IST" name="Test" finished-at="2024-09-28T19:17:37 IST" duration-ms="48365">
      <class name="SDET_TestNG.MakeMyTrip">
        <test-method is-config="true" signature="flightTickets()[pri:0, instance:SDET_TestNG.MakeMyTrip@3a44431a]" started-at="2024-09-28T19:16:49 IST" name="flightTickets" finished-at="2024-09-28T19:16:57 IST" duration-ms="8723" status="PASS">
          <reporter-output>
          </reporter-output>
        </test-method> <!-- flightTickets -->
        <test-method signature="bookingFlights()[pri:0, instance:SDET_TestNG.MakeMyTrip@3a44431a]" started-at="2024-09-28T19:16:57 IST" name="bookingFlights" finished-at="2024-09-28T19:17:37 IST" duration-ms="39381" status="PASS">
          <reporter-output>
          </reporter-output>
        </test-method> <!-- bookingFlights -->
        <test-method is-config="true" signature="tearDown()[pri:0, instance:SDET_TestNG.MakeMyTrip@3a44431a]" started-at="2024-09-28T19:17:37 IST" name="tearDown" finished-at="2024-09-28T19:17:37 IST" duration-ms="220" status="PASS">
          <reporter-output>
          </reporter-output>
        </test-method> <!-- tearDown -->
      </class> <!-- SDET_TestNG.MakeMyTrip -->
    </test> <!-- Test -->
  </suite> <!-- Suite -->
</testng-results>
